2020-09-23 16:11:56,262 [INFO] Activator:178 - 


2020-09-23 16:11:56,264 [INFO] Activator:179 - !SESSION log4j initialized
2020-09-23 16:12:05,228 [INFO] ApplicationProperties:181 - Using Application install path: C:\ST\STM32CubeIDE_1.4.0\STM32CubeIDE\plugins\com.st.stm32cube.common.mx_6.0.0.202007160824
2020-09-23 16:12:05,239 [INFO] DbMcusXml:70 - Set database path to: C:\ST\STM32CubeIDE_1.4.0\STM32CubeIDE\plugins\com.st.stm32cube.common.mx_6.0.0.202007160824\\db\/mcu/
2020-09-23 16:12:05,243 [INFO] DbBoardsPdsc:56 - Set plugin database path to: C:\ST\STM32CubeIDE_1.4.0\STM32CubeIDE\plugins\com.st.stm32cube.common.mx_6.0.0.202007160824\\db\/plugins/boardmanager/
2020-09-23 16:12:05,243 [INFO] DbMcus:258 - Set plugin images path to: C:\ST\STM32CubeIDE_1.4.0\STM32CubeIDE\plugins\com.st.stm32cube.common.mx_6.0.0.202007160824\\db\/plugins/mcufinder/images/
2020-09-23 16:12:05,243 [INFO] DbBoards:264 - Set plugin images path to: C:\ST\STM32CubeIDE_1.4.0\STM32CubeIDE\plugins\com.st.stm32cube.common.mx_6.0.0.202007160824\\db\/plugins/mcufinder/images/
2020-09-23 16:12:05,246 [INFO] DbExamples:326 - Set plugin images path to: C:\ST\STM32CubeIDE_1.4.0\STM32CubeIDE\plugins\com.st.stm32cube.common.mx_6.0.0.202007160824\\db\/plugins/mcufinder/images/
2020-09-23 16:12:05,251 [INFO] DbMcusDocs:112 - Set database path to: C:\Users\bajar\.stmcufinder\plugins\mcufinder//mcu/
2020-09-23 16:12:05,253 [INFO] DbMcusJson:63 - Set database path to: C:\Users\bajar\.stmcufinder\plugins\mcufinder//mcu/
2020-09-23 16:12:05,254 [INFO] DbBoardsDocs:112 - Set database path to: C:\Users\bajar\.stmcufinder\plugins\mcufinder//mcu/
2020-09-23 16:12:05,256 [INFO] DbBoardsJson:56 - Set database path to: C:\Users\bajar\.stmcufinder\plugins\mcufinder//mcu/
2020-09-23 16:12:05,259 [INFO] CrossReferenceDbSqlite:196 - Set database path to: C:\Users\bajar\.stmcufinder\plugins\mcufinder//mcu/cs/
2020-09-23 16:12:05,262 [INFO] DbExamplesSqlite:800 - Set database path to: C:\Users\bajar\.stmcufinder\plugins\mcufinder//mcu/
2020-09-23 16:12:05,363 [INFO] RulesReader:52 - Compatibility file has been processed (209 Rules)
2020-09-23 16:12:05,509 [INFO] MicroXplorer:564 - Detected Java Version = 1.8.0_252
2020-09-23 16:12:05,509 [INFO] DbMcusXml:70 - Set database path to: C:\ST\STM32CubeIDE_1.4.0\STM32CubeIDE\plugins\com.st.stm32cube.common.mx_6.0.0.202007160824\\db\/mcu/
2020-09-23 16:12:05,509 [INFO] DbBoardsPdsc:56 - Set plugin database path to: C:\ST\STM32CubeIDE_1.4.0\STM32CubeIDE\plugins\com.st.stm32cube.common.mx_6.0.0.202007160824\\db\/plugins/boardmanager/
2020-09-23 16:12:05,510 [INFO] DbMcus:258 - Set plugin images path to: C:\ST\STM32CubeIDE_1.4.0\STM32CubeIDE\plugins\com.st.stm32cube.common.mx_6.0.0.202007160824\\db\/plugins/mcufinder/images/
2020-09-23 16:12:05,510 [INFO] DbBoards:264 - Set plugin images path to: C:\ST\STM32CubeIDE_1.4.0\STM32CubeIDE\plugins\com.st.stm32cube.common.mx_6.0.0.202007160824\\db\/plugins/mcufinder/images/
2020-09-23 16:12:05,510 [INFO] DbExamples:326 - Set plugin images path to: C:\ST\STM32CubeIDE_1.4.0\STM32CubeIDE\plugins\com.st.stm32cube.common.mx_6.0.0.202007160824\\db\/plugins/mcufinder/images/
2020-09-23 16:12:05,511 [WARN] DbFile:36 - Overriding database path with different value: C:\Users\bajar\.stmcufinder\plugins\mcufinder/ => C:\Users\bajar\.stmcufinder\plugins\mcufinder
2020-09-23 16:12:05,511 [INFO] DbMcusDocs:112 - Set database path to: C:\Users\bajar\.stmcufinder\plugins\mcufinder//mcu/
2020-09-23 16:12:05,511 [WARN] DbFile:36 - Overriding database path with different value: C:\Users\bajar\.stmcufinder\plugins\mcufinder/ => C:\Users\bajar\.stmcufinder\plugins\mcufinder
2020-09-23 16:12:05,511 [INFO] DbMcusJson:63 - Set database path to: C:\Users\bajar\.stmcufinder\plugins\mcufinder//mcu/
2020-09-23 16:12:05,511 [WARN] DbFile:36 - Overriding database path with different value: C:\Users\bajar\.stmcufinder\plugins\mcufinder/ => C:\Users\bajar\.stmcufinder\plugins\mcufinder
2020-09-23 16:12:05,511 [INFO] DbBoardsDocs:112 - Set database path to: C:\Users\bajar\.stmcufinder\plugins\mcufinder//mcu/
2020-09-23 16:12:05,512 [WARN] DbFile:36 - Overriding database path with different value: C:\Users\bajar\.stmcufinder\plugins\mcufinder/ => C:\Users\bajar\.stmcufinder\plugins\mcufinder
2020-09-23 16:12:05,512 [INFO] DbBoardsJson:56 - Set database path to: C:\Users\bajar\.stmcufinder\plugins\mcufinder//mcu/
2020-09-23 16:12:05,512 [WARN] DbFile:36 - Overriding database path with different value: C:\Users\bajar\.stmcufinder\plugins\mcufinder/ => C:\Users\bajar\.stmcufinder\plugins\mcufinder
2020-09-23 16:12:05,512 [WARN] DbFile:36 - Overriding database path with different value: C:\Users\bajar\.stmcufinder\plugins\mcufinder/ => C:\Users\bajar\.stmcufinder\plugins\mcufinder
2020-09-23 16:12:05,512 [INFO] CrossReferenceDbSqlite:196 - Set database path to: C:\Users\bajar\.stmcufinder\plugins\mcufinder//mcu/cs/
2020-09-23 16:12:05,512 [WARN] DbFile:36 - Overriding database path with different value: C:\Users\bajar\.stmcufinder\plugins\mcufinder/ => C:\Users\bajar\.stmcufinder\plugins\mcufinder
2020-09-23 16:12:05,512 [INFO] DbExamplesSqlite:800 - Set database path to: C:\Users\bajar\.stmcufinder\plugins\mcufinder//mcu/
2020-09-23 16:12:05,607 [INFO] MainPanel:189 - HeapMemory: 268435456
2020-09-23 16:12:05,677 [INFO] DbMcusXml:70 - Set database path to: C:\ST\STM32CubeIDE_1.4.0\STM32CubeIDE\plugins\com.st.stm32cube.common.mx_6.0.0.202007160824\\db\/mcu/
2020-09-23 16:12:05,677 [INFO] DbBoardsPdsc:56 - Set plugin database path to: C:\ST\STM32CubeIDE_1.4.0\STM32CubeIDE\plugins\com.st.stm32cube.common.mx_6.0.0.202007160824\\db\/plugins/boardmanager/
2020-09-23 16:12:05,677 [INFO] DbMcus:258 - Set plugin images path to: C:\ST\STM32CubeIDE_1.4.0\STM32CubeIDE\plugins\com.st.stm32cube.common.mx_6.0.0.202007160824\\db\/plugins/mcufinder/images/
2020-09-23 16:12:05,677 [INFO] DbBoards:264 - Set plugin images path to: C:\ST\STM32CubeIDE_1.4.0\STM32CubeIDE\plugins\com.st.stm32cube.common.mx_6.0.0.202007160824\\db\/plugins/mcufinder/images/
2020-09-23 16:12:05,678 [INFO] DbExamples:326 - Set plugin images path to: C:\ST\STM32CubeIDE_1.4.0\STM32CubeIDE\plugins\com.st.stm32cube.common.mx_6.0.0.202007160824\\db\/plugins/mcufinder/images/
2020-09-23 16:12:05,678 [WARN] DbFile:36 - Overriding database path with different value: C:\Users\bajar\.stmcufinder\plugins\mcufinder/ => C:\Users\bajar\.stmcufinder\plugins\mcufinder
2020-09-23 16:12:05,678 [INFO] DbMcusDocs:112 - Set database path to: C:\Users\bajar\.stmcufinder\plugins\mcufinder//mcu/
2020-09-23 16:12:05,679 [WARN] DbFile:36 - Overriding database path with different value: C:\Users\bajar\.stmcufinder\plugins\mcufinder/ => C:\Users\bajar\.stmcufinder\plugins\mcufinder
2020-09-23 16:12:05,679 [INFO] DbMcusJson:63 - Set database path to: C:\Users\bajar\.stmcufinder\plugins\mcufinder//mcu/
2020-09-23 16:12:05,679 [WARN] DbFile:36 - Overriding database path with different value: C:\Users\bajar\.stmcufinder\plugins\mcufinder/ => C:\Users\bajar\.stmcufinder\plugins\mcufinder
2020-09-23 16:12:05,679 [INFO] DbBoardsDocs:112 - Set database path to: C:\Users\bajar\.stmcufinder\plugins\mcufinder//mcu/
2020-09-23 16:12:05,679 [WARN] DbFile:36 - Overriding database path with different value: C:\Users\bajar\.stmcufinder\plugins\mcufinder/ => C:\Users\bajar\.stmcufinder\plugins\mcufinder
2020-09-23 16:12:05,679 [INFO] DbBoardsJson:56 - Set database path to: C:\Users\bajar\.stmcufinder\plugins\mcufinder//mcu/
2020-09-23 16:12:05,680 [WARN] DbFile:36 - Overriding database path with different value: C:\Users\bajar\.stmcufinder\plugins\mcufinder/ => C:\Users\bajar\.stmcufinder\plugins\mcufinder
2020-09-23 16:12:05,680 [WARN] DbFile:36 - Overriding database path with different value: C:\Users\bajar\.stmcufinder\plugins\mcufinder/ => C:\Users\bajar\.stmcufinder\plugins\mcufinder
2020-09-23 16:12:05,680 [INFO] CrossReferenceDbSqlite:196 - Set database path to: C:\Users\bajar\.stmcufinder\plugins\mcufinder//mcu/cs/
2020-09-23 16:12:05,680 [WARN] DbFile:36 - Overriding database path with different value: C:\Users\bajar\.stmcufinder\plugins\mcufinder/ => C:\Users\bajar\.stmcufinder\plugins\mcufinder
2020-09-23 16:12:05,680 [INFO] DbExamplesSqlite:800 - Set database path to: C:\Users\bajar\.stmcufinder\plugins\mcufinder//mcu/
2020-09-23 16:12:05,699 [INFO] ApplicationProperties:181 - Using Application install path: C:\ST\STM32CubeIDE_1.4.0\STM32CubeIDE\plugins\com.st.stm32cube.common.mx_6.0.0.202007160824
2020-09-23 16:12:05,742 [INFO] PluginManage:178 - Search for loadable plugins [exclusion list=, ]
2020-09-23 16:12:05,746 [INFO] PluginManage:292 - Check plugin analytics
2020-09-23 16:12:05,893 [INFO] AnalyticsPlugin:203 - Accepted Software Licenses: 
2020-09-23 16:12:05,893 [INFO] AnalyticsPlugin:205 - Accepted CMSIS Pack Licenses: 
2020-09-23 16:12:05,893 [INFO] AnalyticsPlugin:207 - Accepted Firmware Licenses: 
2020-09-23 16:12:05,894 [INFO] PluginManage:342 - Loaded plugin analytics (category:tool,tabindex:-1)
2020-09-23 16:12:05,894 [INFO] PluginManage:292 - Check plugin clock
2020-09-23 16:12:05,905 [INFO] PluginManage:342 - Loaded plugin clock (category:base,tabindex:2)
2020-09-23 16:12:05,905 [INFO] PluginManage:292 - Check plugin ddr
2020-09-23 16:12:05,907 [INFO] PluginManage:342 - Loaded plugin ddr (category:tool,tabindex:6)
2020-09-23 16:12:05,908 [INFO] PluginManage:292 - Check plugin filemanager
2020-09-23 16:12:06,020 [INFO] PluginManage:342 - Loaded plugin filemanager (category:base,tabindex:10)
2020-09-23 16:12:06,020 [INFO] PluginManage:292 - Check plugin ipmanager
2020-09-23 16:12:06,036 [INFO] PluginManage:342 - Loaded plugin ipmanager (category:base,tabindex:5)
2020-09-23 16:12:06,036 [INFO] PluginManage:292 - Check plugin pinoutandconfiguration
2020-09-23 16:12:06,045 [INFO] PluginManage:342 - Loaded plugin pinoutandconfiguration (category:base,tabindex:1)
2020-09-23 16:12:06,045 [INFO] PluginManage:292 - Check plugin pinoutconfig
2020-09-23 16:12:06,074 [INFO] PluginManage:342 - Loaded plugin pinoutconfig (category:base,tabindex:0)
2020-09-23 16:12:06,074 [INFO] PluginManage:292 - Check plugin power
2020-09-23 16:12:06,081 [INFO] PluginManage:342 - Loaded plugin power (category:power,tabindex:4)
2020-09-23 16:12:06,081 [INFO] PluginManage:292 - Check plugin projectmanager
2020-09-23 16:12:06,096 [INFO] PluginManage:342 - Loaded plugin projectmanager (category:projectmanager,tabindex:3)
2020-09-23 16:12:06,097 [INFO] PluginManage:292 - Check plugin thirdparty
2020-09-23 16:12:06,154 [INFO] ThirdPartyDb:333 - Open Third Party DataBase File (C:/Users/bajar/.stm32cubemx/plugins/thirdparty/db/thirdparties_db.xml) : 30 ms. number of Sw pack : 22
2020-09-23 16:12:06,159 [INFO] PluginManage:342 - Loaded plugin thirdparty (category:base,tabindex:-1)
2020-09-23 16:12:06,159 [INFO] PluginManage:292 - Check plugin tools
2020-09-23 16:12:06,161 [INFO] PluginManage:342 - Loaded plugin tools (category:base,tabindex:7)
2020-09-23 16:12:06,162 [INFO] PluginManage:292 - Check plugin tutovideos
2020-09-23 16:12:06,418 [INFO] PluginManage:342 - Loaded plugin tutovideos (category:base,tabindex:-1)
2020-09-23 16:12:06,418 [INFO] PluginManage:292 - Check plugin updater
2020-09-23 16:12:06,431 [INFO] PluginManage:342 - Loaded plugin updater (category:base,tabindex:12)
2020-09-23 16:12:06,431 [INFO] PluginManage:265 - PluginManage : Loaded plugins [13]
2020-09-23 16:12:06,670 [INFO] PinOutPanel:1418 - setPackage(No Configuration,No Configuration)
2020-09-23 16:12:06,810 [INFO] IPUIPlugin:64 - create IPUIPlugin
2020-09-23 16:12:06,810 [INFO] PluginManager:200 - loadIPPluginJar : add adc
2020-09-23 16:12:06,813 [INFO] IPUIPlugin:64 - create IPUIPlugin
2020-09-23 16:12:06,813 [INFO] PluginManager:200 - loadIPPluginJar : add aes
2020-09-23 16:12:06,816 [INFO] IPUIPlugin:64 - create IPUIPlugin
2020-09-23 16:12:06,816 [INFO] PluginManager:200 - loadIPPluginJar : add can
2020-09-23 16:12:06,817 [INFO] IPUIPlugin:64 - create IPUIPlugin
2020-09-23 16:12:06,817 [INFO] PluginManager:200 - loadIPPluginJar : add comp
2020-09-23 16:12:06,820 [INFO] IPUIPlugin:64 - create IPUIPlugin
2020-09-23 16:12:06,820 [INFO] PluginManager:200 - loadIPPluginJar : add cryp
2020-09-23 16:12:06,825 [INFO] IPUIPlugin:64 - create IPUIPlugin
2020-09-23 16:12:06,825 [INFO] PluginManager:200 - loadIPPluginJar : add dfsdm
2020-09-23 16:12:06,830 [INFO] IPUIPlugin:64 - create IPUIPlugin
2020-09-23 16:12:06,831 [INFO] PluginManager:200 - loadIPPluginJar : add dma
2020-09-23 16:12:06,832 [INFO] IPUIPlugin:64 - create IPUIPlugin
2020-09-23 16:12:06,833 [INFO] PluginManager:200 - loadIPPluginJar : add fatfs
2020-09-23 16:12:06,838 [INFO] IPUIPlugin:64 - create IPUIPlugin
2020-09-23 16:12:06,838 [INFO] PluginManager:200 - loadIPPluginJar : add fmc
2020-09-23 16:12:06,844 [INFO] IPUIPlugin:64 - create IPUIPlugin
2020-09-23 16:12:06,845 [INFO] PluginManager:200 - loadIPPluginJar : add freertos
2020-09-23 16:12:06,846 [INFO] IPUIPlugin:64 - create IPUIPlugin
2020-09-23 16:12:06,846 [INFO] PluginManager:200 - loadIPPluginJar : add genericplugin
2020-09-23 16:12:06,848 [INFO] IPUIPlugin:64 - create IPUIPlugin
2020-09-23 16:12:06,848 [INFO] PluginManager:200 - loadIPPluginJar : add gfxmmu
2020-09-23 16:12:06,852 [INFO] IPUIPlugin:64 - create IPUIPlugin
2020-09-23 16:12:06,853 [INFO] PluginManager:200 - loadIPPluginJar : add gic
2020-09-23 16:12:06,857 [INFO] IPUIPlugin:64 - create IPUIPlugin
2020-09-23 16:12:06,857 [INFO] PluginManager:200 - loadIPPluginJar : add gpio
2020-09-23 16:12:06,859 [INFO] IPUIPlugin:64 - create IPUIPlugin
2020-09-23 16:12:06,860 [INFO] PluginManager:200 - loadIPPluginJar : add gtzc
2020-09-23 16:12:06,862 [INFO] IPUIPlugin:64 - create IPUIPlugin
2020-09-23 16:12:06,862 [INFO] PluginManager:200 - loadIPPluginJar : add hash
2020-09-23 16:12:06,865 [INFO] IPUIPlugin:64 - create IPUIPlugin
2020-09-23 16:12:06,865 [INFO] PluginManager:200 - loadIPPluginJar : add i2c
2020-09-23 16:12:06,867 [INFO] IPUIPlugin:64 - create IPUIPlugin
2020-09-23 16:12:06,868 [INFO] PluginManager:200 - loadIPPluginJar : add i2s
2020-09-23 16:12:06,886 [INFO] IPUIPlugin:64 - create IPUIPlugin
2020-09-23 16:12:06,887 [INFO] PluginManager:200 - loadIPPluginJar : add ipddr
2020-09-23 16:12:06,889 [INFO] IPUIPlugin:64 - create IPUIPlugin
2020-09-23 16:12:06,889 [INFO] PluginManager:200 - loadIPPluginJar : add ltdc
2020-09-23 16:12:06,898 [INFO] IPUIPlugin:64 - create IPUIPlugin
2020-09-23 16:12:06,899 [INFO] PluginManager:200 - loadIPPluginJar : add mdma
2020-09-23 16:12:06,903 [INFO] IPUIPlugin:64 - create IPUIPlugin
2020-09-23 16:12:06,907 [INFO] PluginManager:200 - loadIPPluginJar : add nvic
2020-09-23 16:12:06,909 [INFO] IPUIPlugin:64 - create IPUIPlugin
2020-09-23 16:12:06,910 [INFO] PluginManager:200 - loadIPPluginJar : add opamp
2020-09-23 16:12:06,913 [INFO] IPUIPlugin:64 - create IPUIPlugin
2020-09-23 16:12:06,913 [INFO] PluginManager:200 - loadIPPluginJar : add openamp
2020-09-23 16:12:06,916 [INFO] IPUIPlugin:64 - create IPUIPlugin
2020-09-23 16:12:06,916 [INFO] PluginManager:200 - loadIPPluginJar : add pdm2pcm
2020-09-23 16:12:06,922 [INFO] IPUIPlugin:64 - create IPUIPlugin
2020-09-23 16:12:06,926 [INFO] PluginManager:200 - loadIPPluginJar : add plateformsettings
2020-09-23 16:12:06,972 [INFO] IPUIPlugin:64 - create IPUIPlugin
2020-09-23 16:12:06,972 [INFO] PluginManager:200 - loadIPPluginJar : add quadspi
2020-09-23 16:12:06,976 [INFO] IPUIPlugin:64 - create IPUIPlugin
2020-09-23 16:12:06,976 [INFO] PluginManager:200 - loadIPPluginJar : add resmgrutility
2020-09-23 16:12:06,979 [INFO] IPUIPlugin:64 - create IPUIPlugin
2020-09-23 16:12:06,979 [INFO] PluginManager:200 - loadIPPluginJar : add sai
2020-09-23 16:12:06,982 [INFO] IPUIPlugin:64 - create IPUIPlugin
2020-09-23 16:12:06,982 [INFO] PluginManager:200 - loadIPPluginJar : add spi
2020-09-23 16:12:06,986 [INFO] IPUIPlugin:64 - create IPUIPlugin
2020-09-23 16:12:06,986 [INFO] PluginManager:200 - loadIPPluginJar : add stm32_wpan
2020-09-23 16:12:06,988 [INFO] IPUIPlugin:64 - create IPUIPlugin
2020-09-23 16:12:06,989 [INFO] PluginManager:200 - loadIPPluginJar : add tim
2020-09-23 16:12:06,992 [INFO] IPUIPlugin:64 - create IPUIPlugin
2020-09-23 16:12:06,992 [INFO] PluginManager:200 - loadIPPluginJar : add touchsensing
2020-09-23 16:12:06,994 [INFO] IPUIPlugin:64 - create IPUIPlugin
2020-09-23 16:12:06,994 [INFO] PluginManager:200 - loadIPPluginJar : add tracer_emb
2020-09-23 16:12:06,996 [INFO] IPUIPlugin:64 - create IPUIPlugin
2020-09-23 16:12:06,996 [INFO] PluginManager:200 - loadIPPluginJar : add ts
2020-09-23 16:12:06,998 [INFO] IPUIPlugin:64 - create IPUIPlugin
2020-09-23 16:12:06,998 [INFO] PluginManager:200 - loadIPPluginJar : add tsc
2020-09-23 16:12:07,001 [INFO] IPUIPlugin:64 - create IPUIPlugin
2020-09-23 16:12:07,001 [INFO] PluginManager:200 - loadIPPluginJar : add ucpd
2020-09-23 16:12:07,004 [INFO] IPUIPlugin:64 - create IPUIPlugin
2020-09-23 16:12:07,004 [INFO] PluginManager:200 - loadIPPluginJar : add usart
2020-09-23 16:12:07,602 [INFO] CubeProgrammer:457 - [DDR PANEL] - PathOfProgrammer: null
2020-09-23 16:12:08,394 [FATAL] Updater:282 - Updater called before beeing initialized
2020-09-23 16:12:08,557 [FATAL] Updater:282 - Updater called before beeing initialized
2020-09-23 16:12:08,557 [WARN] ThirdParty:775 - waiting for thirdparty lock release [close project]
2020-09-23 16:12:08,557 [INFO] ThirdParty:777 - entering critical section [close project]
2020-09-23 16:12:08,558 [INFO] ThirdParty:790 - exiting critical section [close project]
2020-09-23 16:12:08,560 [INFO] PinOutPanel:1418 - setPackage(No Configuration,No Configuration)
2020-09-23 16:12:08,560 [FATAL] Updater:282 - Updater called before beeing initialized
2020-09-23 16:12:08,565 [ERROR] Updater:967 - MainUpdater not yet initialized. External WinMGr cannot be set.
2020-09-23 16:12:08,566 [INFO] CubeProgrammer:457 - [DDR PANEL] - PathOfProgrammer: C:\ST\STM32CubeIDE_1.4.0\STM32CubeIDE\plugins\com.st.stm32cube.ide.mcu.externaltools.cubeprogrammer.win32_1.4.0.202007081208\tools\bin
2020-09-23 16:12:08,569 [INFO] ProgrammerExecThread:148 - [ProgrammerAPI] CubeProgrammer command construction: C:\ST\STM32CubeIDE_1.4.0\STM32CubeIDE\plugins\com.st.stm32cube.ide.mcu.externaltools.cubeprogrammer.win32_1.4.0.202007081208\tools\bin\STM32_Programmer_CLI.exe -l
2020-09-23 16:12:08,786 [INFO] MainDdrPanel:49 - [DDR PANEL] SETTER - Set cubeProgrammerPath to: C:\ST\STM32CubeIDE_1.4.0\STM32CubeIDE\plugins\com.st.stm32cube.ide.mcu.externaltools.cubeprogrammer.win32_1.4.0.202007081208\tools\bin
2020-09-23 16:12:08,799 [INFO] Updater:904 - Updater Version found : 6.0.0
2020-09-23 16:12:08,816 [INFO] ApplicationProperties:181 - Using Application install path: C:\ST\STM32CubeIDE_1.4.0\STM32CubeIDE\plugins\com.st.stm32cube.common.mx_6.0.0.202007160824
2020-09-23 16:12:09,243 [INFO] MainUpdater:2268 - connection check result : 10
2020-09-23 16:12:09,243 [INFO] MainUpdater:239 - Updater Check For Update Now.
2020-09-23 16:12:09,243 [INFO] MicroXplorer:414 - Change Database Version : DB.6.0.0
2020-09-23 16:12:09,276 [INFO] CheckServerUpdateThread:102 - End of CheckServer Thread
2020-09-23 16:12:09,349 [INFO] MainUpdater:2268 - connection check result : 10
2020-09-23 16:12:09,634 [INFO] McuFinderGlobals:40 - Set McuFinder mode to 2 (CubeIDE integrated)
2020-09-23 16:12:09,761 [INFO] CrossSelectorPresenter:1330 - Cross Selector saved comparison directory: C:\Users\bajar\.stmcufinder\plugins\mcufinder\mcu\cs_comparisons_mx
2020-09-23 16:12:09,765 [INFO] MultiScanPanel:193 - Auto-refresh data requested => check proxy status ongoing
2020-09-23 16:12:09,767 [INFO] FinderPluginLoader:87 - Searching for filters in installed packs
2020-09-23 16:12:09,768 [INFO] DbMcusXml:100 - Load MCU database from C:\ST\STM32CubeIDE_1.4.0\STM32CubeIDE\plugins\com.st.stm32cube.common.mx_6.0.0.202007160824\\db\/mcu/families.xml
2020-09-23 16:12:10,275 [INFO] DbMcusJson:92 - JSON generation date=Mon Jul 27 05:58:30 PDT 2020 (1595854710)
2020-09-23 16:12:11,011 [INFO] DbMcus:175 - Found 1761 MCUs (1722 are supported by CubeMX, 1728 are visible in CubeMX)
2020-09-23 16:12:11,012 [INFO] ApiDb:201 - Load user favorites file C:\Users\bajar/.stm32cubeide/favorites.mcus.txt: 0 item(s)
2020-09-23 16:12:11,012 [INFO] ApiDb:205 - User favorites MCUs=[]
2020-09-23 16:12:11,012 [INFO] DbMcus:187 - Set 0 / 0 favorites MCUs
2020-09-23 16:12:11,515 [INFO] LoadUrlFilesThread:162 - End of LoadServerUrlFiles without Thread
2020-09-23 16:12:11,555 [INFO] DetailPanel:331 - Set advertising image to C:/Users/bajar/STM32Cube/Repository/\stm32cubemx-promo_image.jpg
2020-09-23 16:12:11,836 [INFO] McuFilterPanel:245 - Update 0 favorites MCUs
2020-09-23 16:12:11,919 [INFO] DbBoardsPdsc:94 - Found 23 items
2020-09-23 16:12:11,921 [INFO] DbBoardsPdsc:94 - Found 9 items
2020-09-23 16:12:11,924 [INFO] DbBoardsPdsc:94 - Found 29 items
2020-09-23 16:12:11,926 [INFO] DbBoardsPdsc:94 - Found 1 items
2020-09-23 16:12:11,931 [INFO] DbBoardsPdsc:94 - Found 44 items
2020-09-23 16:12:11,935 [INFO] DbBoardsPdsc:94 - Found 40 items
2020-09-23 16:12:11,939 [INFO] DbBoardsPdsc:94 - Found 2 items
2020-09-23 16:12:11,941 [INFO] DbBoardsPdsc:94 - Found 4 items
2020-09-23 16:12:11,947 [WARN] DbBoardsPdsc:258 - Board STM32H7B3I-DK: unknown feature type=Audio, name=, username=Audio stereo codec with Headphone Amp (CS42L51-CNZ), n=1
2020-09-23 16:12:11,947 [WARN] DbBoardsPdsc:258 - Board STM32H735G-DK: unknown feature type=Audio, name=, username=Audio stereo codec with Headphone Amp (WM8994ECS/R), n=1
2020-09-23 16:12:11,949 [WARN] DbBoardsPdsc:258 - Board STM32H7B3I-EVAL: unknown feature type=Audio, name=, username=Multi-Channel Audio Codec (CS42L51-CNZ), n=1
2020-09-23 16:12:11,949 [WARN] DbBoardsPdsc:258 - Board STM32H7B3I-EVAL: unknown feature type=Meter, name=, username=Power-metering and Temperature-monitoring with sigma-delta modulators, n=1
2020-09-23 16:12:11,949 [WARN] DbBoardsPdsc:258 - Board STM32H7B3I-EVAL: unknown feature type=Motor, name=, username=Motor Control, n=1
2020-09-23 16:12:11,960 [INFO] DbBoardsJson:85 - JSON generation date=Thu Jul 02 06:35:57 PDT 2020 (1593696957)
2020-09-23 16:12:11,965 [INFO] DbBoards:117 - Found 152 boards (149 are supported by CubeMX)
2020-09-23 16:12:11,973 [INFO] DbBoardsDocs:145 - JSON generation date=Mon Jul 27 05:58:30 PDT 2020 (1595854710)
2020-09-23 16:12:11,991 [INFO] DbBoardsDocs:81 - Found 185 boards documents
2020-09-23 16:12:11,991 [WARN] DbBoards:149 - board B-G474E-DPOW1 / document id not found: 4624
2020-09-23 16:12:11,991 [WARN] DbBoards:149 - board B-G474E-DPOW1 / document id not found: 4625
2020-09-23 16:12:11,991 [WARN] DbBoards:127 - board B-L462E-CELL1 has no document id list !
2020-09-23 16:12:11,992 [WARN] DbBoards:127 - board B-L475E-IOT01A2 has no document id list !
2020-09-23 16:12:11,992 [WARN] DbBoards:127 - board NUCLEO-G491RE has no document id list !
2020-09-23 16:12:11,992 [WARN] DbBoards:127 - board NUCLEO-H723ZG has no document id list !
2020-09-23 16:12:11,993 [WARN] DbBoards:127 - board NUCLEO-H743ZI2 has no document id list !
2020-09-23 16:12:11,993 [WARN] DbBoards:127 - board NUCLEO-WB55RG has no document id list !
2020-09-23 16:12:11,993 [WARN] DbBoards:127 - board P-NUCLEO-WB55-Nucleo has no document id list !
2020-09-23 16:12:11,993 [WARN] DbBoards:127 - board P-NUCLEO-WB55-USBDongle has no document id list !
2020-09-23 16:12:11,993 [WARN] DbBoards:127 - board STEVAL-BFA001V1B has no document id list !
2020-09-23 16:12:11,994 [WARN] DbBoards:127 - board STEVAL-BFA001V2B has no document id list !
2020-09-23 16:12:11,994 [WARN] DbBoards:127 - board STEVAL-IDP005V1 has no document id list !
2020-09-23 16:12:11,994 [WARN] DbBoards:127 - board STEVAL-IDP005V2 has no document id list !
2020-09-23 16:12:11,994 [WARN] DbBoards:127 - board STEVAL-MKSBOX1V1 has no document id list !
2020-09-23 16:12:11,994 [WARN] DbBoards:127 - board STEVAL-STWINKT1 has no document id list !
2020-09-23 16:12:11,994 [WARN] DbBoards:127 - board STM32F401C-DISCO has no document id list !
2020-09-23 16:12:11,995 [WARN] DbBoards:127 - board STM32F769I-DISC1 has no document id list !
2020-09-23 16:12:11,995 [WARN] DbBoards:127 - board STM32G474E-EVAL1 has no document id list !
2020-09-23 16:12:11,995 [WARN] DbBoards:127 - board STM32H735G-DK has no document id list !
2020-09-23 16:12:11,995 [WARN] DbBoards:127 - board STM32H743I-EVAL2 has no document id list !
2020-09-23 16:12:11,995 [WARN] DbBoards:127 - board STM32H747I-DISC1 has no document id list !
2020-09-23 16:12:11,996 [WARN] DbBoards:127 - board STM32H753I-EVAL2 has no document id list !
2020-09-23 16:12:11,996 [WARN] DbBoards:127 - board STM32L-DISCOVERY has no document id list !
2020-09-23 16:12:11,996 [WARN] DbBoards:127 - board STM32MP157A-DK1 has no document id list !
2020-09-23 16:12:11,997 [WARN] DbBoards:127 - board STM32MP157F-EV1 has no document id list !
2020-09-23 16:12:12,060 [ERROR] DbBoards:192 - No image file URL for board B-L462E-CELL1
2020-09-23 16:12:12,183 [WARN] IntegrityCheckThread:61 - waiting for thirdparty lock release [integrity check]
2020-09-23 16:12:12,183 [INFO] IntegrityCheckThread:63 - entering critical section [integrity check]
2020-09-23 16:12:12,245 [INFO] ThirdPartyDb:299 - Save Third Party DataBase File (C:/Users/bajar/.stm32cubemx/plugins/thirdparty/db/thirdparties_db.xml) [forced]
2020-09-23 16:12:12,299 [INFO] ThirdPartyDb:299 - Save Third Party DataBase File (C:/Users/bajar/.stm32cubemx/plugins/thirdparty/db/thirdparties_db.xml) [forced]
2020-09-23 16:12:12,323 [INFO] IntegrityCheckThread:76 - exiting critical section [integrity check]
2020-09-23 16:12:12,323 [INFO] IntegrityCheckThread:79 - End integrity checks thread
2020-09-23 16:12:13,317 [INFO] ApiDb:201 - Load user favorites file C:\Users\bajar/.stm32cubeide/favorites.boards.txt: 0 item(s)
2020-09-23 16:12:13,317 [INFO] ApiDb:205 - User favorites Boards=[]
2020-09-23 16:12:13,317 [INFO] DbBoards:206 - Set 0 / 0 favorites Boards
2020-09-23 16:12:19,778 [INFO] MultiScanPanel:193 - Auto-refresh data requested => check proxy status ongoing
2020-09-23 16:12:19,836 [INFO] LoadUrlFilesThread:162 - End of LoadServerUrlFiles without Thread
2020-09-23 16:12:19,836 [INFO] DetailPanel:331 - Set advertising image to C:/Users/bajar/STM32Cube/Repository/\stm32cubemx-promo_image.jpg
2020-09-23 16:12:19,854 [INFO] BoardFilterPanel:214 - Update 0 favorites Boards
2020-09-23 16:13:11,653 [INFO] LogOutputStream:76 - [STDOUT_REDIRECT] withoutVersionV1.25.1
2020-09-23 16:13:11,654 [INFO] LogOutputStream:76 - [STDOUT_REDIRECT] withoutVersionV1.25.0
2020-09-23 16:13:16,599 [INFO] ApiDb:226 - Save user favorites file C:\Users\bajar/.stm32cubeide/favorites.mcus.txt: 0 item(s)
2020-09-23 16:13:16,599 [INFO] ApiDb:230 - User favorites MCUs=[]
2020-09-23 16:13:16,601 [INFO] ApiDb:226 - Save user favorites file C:\Users\bajar/.stm32cubeide/favorites.boards.txt: 0 item(s)
2020-09-23 16:13:16,602 [INFO] ApiDb:230 - User favorites Boards=[]
2020-09-23 16:20:58,229 [INFO] MainUpdater:2268 - connection check result : 10
2020-09-23 16:20:58,302 [INFO] McuFinderGlobals:40 - Set McuFinder mode to 2 (CubeIDE integrated)
2020-09-23 16:20:58,313 [INFO] CrossSelectorPresenter:1330 - Cross Selector saved comparison directory: C:\Users\bajar\.stmcufinder\plugins\mcufinder\mcu\cs_comparisons_mx
2020-09-23 16:20:58,316 [INFO] MultiScanPanel:193 - Auto-refresh data requested => check proxy status ongoing
2020-09-23 16:20:58,325 [INFO] FinderPluginLoader:87 - Searching for filters in installed packs
2020-09-23 16:20:58,466 [INFO] LoadUrlFilesThread:162 - End of LoadServerUrlFiles without Thread
2020-09-23 16:20:58,466 [INFO] DetailPanel:331 - Set advertising image to C:/Users/bajar/STM32Cube/Repository/\stm32cubemx-promo_image.jpg
2020-09-23 16:20:58,599 [INFO] McuFilterPanel:245 - Update 0 favorites MCUs
2020-09-23 16:21:00,719 [INFO] MultiScanPanel:193 - Auto-refresh data requested => check proxy status ongoing
2020-09-23 16:21:00,766 [INFO] LoadUrlFilesThread:162 - End of LoadServerUrlFiles without Thread
2020-09-23 16:21:00,766 [INFO] DetailPanel:331 - Set advertising image to C:/Users/bajar/STM32Cube/Repository/\stm32cubemx-promo_image.jpg
2020-09-23 16:21:00,777 [INFO] BoardFilterPanel:214 - Update 0 favorites Boards
2020-09-23 16:21:31,543 [INFO] LogOutputStream:76 - [STDOUT_REDIRECT] withoutVersionV1.25.1
2020-09-23 16:21:31,544 [INFO] LogOutputStream:76 - [STDOUT_REDIRECT] withoutVersionV1.25.0
2020-09-23 16:21:33,309 [INFO] ApiDb:226 - Save user favorites file C:\Users\bajar/.stm32cubeide/favorites.mcus.txt: 0 item(s)
2020-09-23 16:21:33,310 [INFO] ApiDb:230 - User favorites MCUs=[]
2020-09-23 16:21:33,311 [INFO] ApiDb:226 - Save user favorites file C:\Users\bajar/.stm32cubeide/favorites.boards.txt: 0 item(s)
2020-09-23 16:21:33,311 [INFO] ApiDb:230 - User favorites Boards=[]
